> Task :gradle:compileJava NO-SOURCE
> Task :gradle:compileGroovy UP-TO-DATE
> Task :gradle:pluginDescriptors UP-TO-DATE
> Task :gradle:processResources UP-TO-DATE
> Task :gradle:classes UP-TO-DATE
> Task :gradle:jar UP-TO-DATE
WARNING: We recommend using a newer Android Gradle plugin to use compileSdk = 34

This Android Gradle plugin (8.1.0) was tested up to compileSdk = 33 (and compileSdkPreview = "UpsideDownCakePrivacySandbox").

You are strongly encouraged to update your project to use a newer
Android Gradle plugin that has been tested with compileSdk = 34.

If you are already using the latest version of the Android Gradle plugin,
you may need to wait until a newer version with support for compileSdk = 34 is available.

To suppress this warning, add/update
    android.suppressUnsupportedCompileSdk=34
to this project's gradle.properties.
> Task :clean
> Task :app:clean UP-TO-DATE
> Task :shared_preferences_android:clean UP-TO-DATE
> Task :app:preBuild UP-TO-DATE
> Task :app:preDebugBuild UP-TO-DATE
> Task :app:mergeDebugNativeDebugMetadata NO-SOURCE
> Task :app:compileFlutterBuildDebug
> Task :app:packJniLibsflutterBuildDebug
> Task :shared_preferences_android:preBuild UP-TO-DATE
> Task :shared_preferences_android:preDebugBuild UP-TO-DATE
> Task :app:cleanMergeDebugAssets UP-TO-DATE
> Task :shared_preferences_android:writeDebugAarMetadata
> Task :app:mergeDebugShaders
> Task :app:compileDebugShaders NO-SOURCE
> Task :app:generateDebugAssets UP-TO-DATE
> Task :shared_preferences_android:mergeDebugShaders
> Task :shared_preferences_android:compileDebugShaders NO-SOURCE
> Task :shared_preferences_android:generateDebugAssets UP-TO-DATE
> Task :app:checkDebugAarMetadata
> Task :shared_preferences_android:packageDebugAssets
> Task :app:mergeDebugAssets
> Task :app:copyFlutterAssetsDebug
> Task :app:generateDebugResValues
> Task :shared_preferences_android:generateDebugResValues
> Task :shared_preferences_android:generateDebugResources
> Task :shared_preferences_android:packageDebugResources
> Task :app:mapDebugSourceSetPaths
> Task :app:generateDebugResources
> Task :app:packageDebugResources
> Task :app:createDebugCompatibleScreenManifests
> Task :app:extractDeepLinksDebug
> Task :shared_preferences_android:extractDeepLinksDebug
> Task :app:parseDebugLocalResources
> Task :shared_preferences_android:compileDebugLibraryResources

> Task :shared_preferences_android:processDebugManifest
package="io.flutter.plugins.sharedpreferences" found in source AndroidManifest.xml: /Users/macbookair/.pub-cache/hosted/pub.dev/shared_preferences_android-2.4.7/android/src/main/AndroidManifest.xml.
Setting the namespace via the package attribute in the source AndroidManifest.xml is no longer supported, and the value is ignored.
Recommendation: remove package="io.flutter.plugins.sharedpreferences" from the source AndroidManifest.xml: /Users/macbookair/.pub-cache/hosted/pub.dev/shared_preferences_android-2.4.7/android/src/main/AndroidManifest.xml.

> Task :shared_preferences_android:parseDebugLocalResources
> Task :app:mergeDebugResources
> Task :app:processDebugMainManifest
> Task :app:processDebugManifest
> Task :app:processDebugManifestForPackage
> Task :shared_preferences_android:javaPreCompileDebug
> Task :shared_preferences_android:generateDebugRFile
> Task :app:javaPreCompileDebug
> Task :app:mergeDebugJniLibFolders
> Task :shared_preferences_android:mergeDebugJniLibFolders
> Task :shared_preferences_android:mergeDebugNativeLibs NO-SOURCE
> Task :shared_preferences_android:copyDebugJniLibsProjectOnly
> Task :app:validateSigningDebug
> Task :app:checkDebugDuplicateClasses
> Task :app:desugarDebugFileDependencies
> Task :app:processDebugResources
> Task :app:mergeDebugNativeLibs

> Task :shared_preferences_android:compileDebugKotlin
w: file:///Users/macbookair/.pub-cache/hosted/pub.dev/shared_preferences_android-2.4.7/android/src/main/kotlin/io/flutter/plugins/sharedpreferences/SharedPreferencesPlugin.kt:445:52 Unnecessary non-null assertion (!!) on a non-null receiver of type String

> Task :app:compressDebugAssets
> Task :app:mergeExtDexDebug
> Task :shared_preferences_android:compileDebugJavaWithJavac FAILED

FAILURE: Build failed with an exception.

* What went wrong:
Execution failed for task ':shared_preferences_android:compileDebugJavaWithJavac'.
> Could not resolve all files for configuration ':shared_preferences_android:androidJdkImage'.
   > Failed to transform core-for-system-modules.jar to match attributes {artifactType=_internal_android_jdk_image, org.gradle.libraryelements=jar, org.gradle.usage=java-runtime}.
      > Execution failed for JdkImageTransform: /Users/macbookair/Library/Android/sdk/platforms/android-34/core-for-system-modules.jar.
         > Error while executing process /Applications/Android Studio.app/Contents/jbr/Contents/Home/bin/jlink with arguments {--module-path /Users/macbookair/.gradle/caches/transforms-3/3da6fd6d9f9d06b627a8a32b9470b9f4/transformed/output/temp/jmod --add-modules java.base --output /Users/macbookair/.gradle/caches/transforms-3/3da6fd6d9f9d06b627a8a32b9470b9f4/transformed/output/jdkImage --disable-plugin system-modules}

* Try:
> Run with --stacktrace option to get the stack trace.
> Run with --info or --debug option to get more log output.
> Run with --scan to get full insights.
> Get more help at https://help.gradle.org.

Deprecated Gradle features were used in this build, making it incompatible with Gradle 9.0.

You can use '--warning-mode all' to show the individual deprecation warnings and determine if they come from your own scripts or plugins.

For more on this, please refer to https://docs.gradle.org/8.3/userguide/command_line_interface.html#sec:command_line_warnings in the Gradle documentation.

BUILD FAILED in 48s
48 actionable tasks: 41 executed, 7 up-to-date
